<?xml version="1.0" encoding="UTF-8"?>
<testsuite name="org.gradle.PersonTest" tests="1" skipped="0" failures="0" errors="0" timestamp="2015-06-10T10:27:10" hostname="LMKOLPC047" time="0.007">
  <properties/>
  <testcase name="canConstructAPersonWithAName" classname="org.gradle.PersonTest" time="0.007"/>
  <system-out><![CDATA[]]></system-out>
  <system-err><![CDATA[]]></system-err>
</testsuite>
